<?xml version="1.0" encoding="UTF-8"?>
<!-- Generated by org.testng.reporters.JUnitXMLReporter -->
<testsuite ignored="8" hostname="DESKTOP-0U7543P" failures="0" tests="10" name="Test" time="0.253" errors="0" timestamp="2024-01-23T15:33:44 IST">
  <testcase classname="testPractice.demo1" name="test2" time="0.017"/>
  <testcase classname="testPractice.demo1" name="test1" time="0.034"/>
  <testcase classname="testPractice.demo2" name="test4" time="0.015"/>
  <testcase classname="testPractice.demo3" name="test5" time="0.004"/>
  <testcase classname="testPractice.demo2" name="test3" time="0.011"/>
  <testcase classname="testPractice.demo3" name="test6" time="0.003"/>
  <testcase classname="testPractice.demo4" name="test7" time="0.013"/>
  <testcase classname="testPractice.demo4" name="test8" time="0.012"/>
  <testcase classname="testPractice.demo5" name="test10" time="0.003"/>
  <testcase classname="testPractice.demo5" name="test9" time="0.007"/>
  <testcase classname="genericUtility.Baseclassdemo" name="@BeforeSuite config_BS" time="0.0">
    <ignored/>
  </testcase> <!-- @BeforeSuite config_BS -->
  <testcase classname="genericUtility.Baseclassdemo" name="@BeforeSuite config_BS" time="0.0">
    <ignored/>
  </testcase> <!-- @BeforeSuite config_BS -->
  <testcase classname="genericUtility.Baseclassdemo" name="@BeforeSuite config_BS" time="0.0">
    <ignored/>
  </testcase> <!-- @BeforeSuite config_BS -->
  <testcase classname="genericUtility.Baseclassdemo" name="@AfterSuite config_AS" time="0.0">
    <ignored/>
  </testcase> <!-- @AfterSuite config_AS -->
  <testcase classname="genericUtility.Baseclassdemo" name="@AfterSuite config_AS" time="0.0">
    <ignored/>
  </testcase> <!-- @AfterSuite config_AS -->
  <testcase classname="genericUtility.Baseclassdemo" name="@AfterSuite config_AS" time="0.0">
    <ignored/>
  </testcase> <!-- @AfterSuite config_AS -->
  <testcase classname="genericUtility.Baseclassdemo" name="@BeforeSuite config_BS" time="0.0">
    <ignored/>
  </testcase> <!-- @BeforeSuite config_BS -->
  <testcase classname="genericUtility.Baseclassdemo" name="@AfterSuite config_AS" time="0.0">
    <ignored/>
  </testcase> <!-- @AfterSuite config_AS -->
</testsuite> <!-- Test -->
