<?xml version="1.0" encoding="UTF-8"?>
<testng-results ignored="0" total="10" passed="10" failed="0" skipped="0">
  <reporter-output>
  </reporter-output>
  <suite started-at="2024-01-23T15:33:44 IST" name="Suite" finished-at="2024-01-23T15:33:44 IST" duration-ms="253">
    <groups>
    </groups>
    <test started-at="2024-01-23T15:33:44 IST" name="Test" finished-at="2024-01-23T15:33:44 IST" duration-ms="253">
      <class name="testPractice.demo1">
        <test-method is-config="true" signature="config_BS()[pri:0, instance:testPractice.demo1@645aa696]" started-at="2024-01-23T15:33:44 IST" name="config_BS" finished-at="2024-01-23T15:33:44 IST" duration-ms="24" status="PASS">
          <reporter-output>
          </reporter-output>
        </test-method> <!-- config_BS -->
        <test-method is-config="true" signature="config_BC()[pri:0, instance:testPractice.demo1@645aa696]" started-at="2024-01-23T15:33:44 IST" name="config_BC" finished-at="2024-01-23T15:33:44 IST" duration-ms="3" status="PASS">
          <reporter-output>
          </reporter-output>
        </test-method> <!-- config_BC -->
        <test-method signature="test1()[pri:0, instance:testPractice.demo1@645aa696]" started-at="2024-01-23T15:33:44 IST" name="test1" finished-at="2024-01-23T15:33:44 IST" duration-ms="34" status="PASS">
          <reporter-output>
          </reporter-output>
        </test-method> <!-- test1 -->
        <test-method signature="test2()[pri:0, instance:testPractice.demo1@645aa696]" started-at="2024-01-23T15:33:44 IST" name="test2" finished-at="2024-01-23T15:33:44 IST" duration-ms="17" status="PASS">
          <reporter-output>
          </reporter-output>
        </test-method> <!-- test2 -->
        <test-method is-config="true" signature="config_AC()[pri:0, instance:testPractice.demo1@645aa696]" started-at="2024-01-23T15:33:44 IST" name="config_AC" finished-at="2024-01-23T15:33:44 IST" duration-ms="9" status="PASS">
          <reporter-output>
          </reporter-output>
        </test-method> <!-- config_AC -->
        <test-method is-config="true" signature="config_AS()[pri:0, instance:testPractice.demo1@645aa696]" started-at="2024-01-23T15:33:44 IST" name="config_AS" finished-at="2024-01-23T15:33:44 IST" duration-ms="1" status="PASS">
          <reporter-output>
          </reporter-output>
        </test-method> <!-- config_AS -->
      </class> <!-- testPractice.demo1 -->
      <class name="testPractice.demo2">
        <test-method is-config="true" signature="config_BC()[pri:0, instance:testPractice.demo2@48bb62]" started-at="2024-01-23T15:33:44 IST" name="config_BC" finished-at="2024-01-23T15:33:44 IST" duration-ms="3" status="PASS">
          <reporter-output>
          </reporter-output>
        </test-method> <!-- config_BC -->
        <test-method signature="test3()[pri:0, instance:testPractice.demo2@48bb62]" started-at="2024-01-23T15:33:44 IST" name="test3" finished-at="2024-01-23T15:33:44 IST" duration-ms="11" status="PASS">
          <reporter-output>
          </reporter-output>
        </test-method> <!-- test3 -->
        <test-method signature="test4()[pri:0, instance:testPractice.demo2@48bb62]" started-at="2024-01-23T15:33:44 IST" name="test4" finished-at="2024-01-23T15:33:44 IST" duration-ms="15" status="PASS">
          <reporter-output>
          </reporter-output>
        </test-method> <!-- test4 -->
        <test-method is-config="true" signature="config_AC()[pri:0, instance:testPractice.demo2@48bb62]" started-at="2024-01-23T15:33:44 IST" name="config_AC" finished-at="2024-01-23T15:33:44 IST" duration-ms="1" status="PASS">
          <reporter-output>
          </reporter-output>
        </test-method> <!-- config_AC -->
      </class> <!-- testPractice.demo2 -->
      <class name="testPractice.demo3">
        <test-method is-config="true" signature="config_BC()[pri:0, instance:testPractice.demo3@353352b6]" started-at="2024-01-23T15:33:44 IST" name="config_BC" finished-at="2024-01-23T15:33:44 IST" duration-ms="2" status="PASS">
          <reporter-output>
          </reporter-output>
        </test-method> <!-- config_BC -->
        <test-method signature="test5()[pri:0, instance:testPractice.demo3@353352b6]" started-at="2024-01-23T15:33:44 IST" name="test5" finished-at="2024-01-23T15:33:44 IST" duration-ms="4" status="PASS">
          <reporter-output>
          </reporter-output>
        </test-method> <!-- test5 -->
        <test-method signature="test6()[pri:0, instance:testPractice.demo3@353352b6]" started-at="2024-01-23T15:33:44 IST" name="test6" finished-at="2024-01-23T15:33:44 IST" duration-ms="3" status="PASS">
          <reporter-output>
          </reporter-output>
        </test-method> <!-- test6 -->
        <test-method is-config="true" signature="config_AC()[pri:0, instance:testPractice.demo3@353352b6]" started-at="2024-01-23T15:33:44 IST" name="config_AC" finished-at="2024-01-23T15:33:44 IST" duration-ms="3" status="PASS">
          <reporter-output>
          </reporter-output>
        </test-method> <!-- config_AC -->
      </class> <!-- testPractice.demo3 -->
      <class name="testPractice.demo4">
        <test-method is-config="true" signature="config_BC()[pri:0, instance:testPractice.demo4@4681c175]" started-at="2024-01-23T15:33:44 IST" name="config_BC" finished-at="2024-01-23T15:33:44 IST" duration-ms="5" status="PASS">
          <reporter-output>
          </reporter-output>
        </test-method> <!-- config_BC -->
        <test-method signature="test7()[pri:0, instance:testPractice.demo4@4681c175]" started-at="2024-01-23T15:33:44 IST" name="test7" finished-at="2024-01-23T15:33:44 IST" duration-ms="13" status="PASS">
          <reporter-output>
          </reporter-output>
        </test-method> <!-- test7 -->
        <test-method signature="test8()[pri:0, instance:testPractice.demo4@4681c175]" started-at="2024-01-23T15:33:44 IST" name="test8" finished-at="2024-01-23T15:33:44 IST" duration-ms="12" status="PASS">
          <reporter-output>
          </reporter-output>
        </test-method> <!-- test8 -->
        <test-method is-config="true" signature="config_AC()[pri:0, instance:testPractice.demo4@4681c175]" started-at="2024-01-23T15:33:44 IST" name="config_AC" finished-at="2024-01-23T15:33:44 IST" duration-ms="0" status="PASS">
          <reporter-output>
          </reporter-output>
        </test-method> <!-- config_AC -->
      </class> <!-- testPractice.demo4 -->
      <class name="testPractice.demo5">
        <test-method is-config="true" signature="config_BC()[pri:0, instance:testPractice.demo5@57a78e3]" started-at="2024-01-23T15:33:44 IST" name="config_BC" finished-at="2024-01-23T15:33:44 IST" duration-ms="1" status="PASS">
          <reporter-output>
          </reporter-output>
        </test-method> <!-- config_BC -->
        <test-method signature="test10()[pri:0, instance:testPractice.demo5@57a78e3]" started-at="2024-01-23T15:33:44 IST" name="test10" finished-at="2024-01-23T15:33:44 IST" duration-ms="3" status="PASS">
          <reporter-output>
          </reporter-output>
        </test-method> <!-- test10 -->
        <test-method signature="test9()[pri:0, instance:testPractice.demo5@57a78e3]" started-at="2024-01-23T15:33:44 IST" name="test9" finished-at="2024-01-23T15:33:44 IST" duration-ms="7" status="PASS">
          <reporter-output>
          </reporter-output>
        </test-method> <!-- test9 -->
        <test-method is-config="true" signature="config_AC()[pri:0, instance:testPractice.demo5@57a78e3]" started-at="2024-01-23T15:33:44 IST" name="config_AC" finished-at="2024-01-23T15:33:44 IST" duration-ms="1" status="PASS">
          <reporter-output>
          </reporter-output>
        </test-method> <!-- config_AC -->
      </class> <!-- testPractice.demo5 -->
    </test> <!-- Test -->
  </suite> <!-- Suite -->
</testng-results>
